#
# There is insufficient memory for the Java Runtime Environment to continue.
# Native memory allocation (malloc) failed to allocate 665696 bytes for Chunk::new
# Possible reasons:
#   The system is out of physical RAM or swap space
#   The process is running with CompressedOops enabled, and the Java Heap may be blocking the growth of the native heap
# Possible solutions:
#   Reduce memory load on the system
#   Increase physical memory or swap space
#   Check if swap backing store is full
#   Decrease Java heap size (-Xmx/-Xms)
#   Decrease number of Java threads
#   Decrease Java thread stack sizes (-Xss)
#   Set larger code cache with -XX:ReservedCodeCacheSize=
#   JVM is running with Unscaled Compressed Oops mode in which the Java heap is
#     placed in the first 4GB address space. The Java Heap base address is the
#     maximum limit for the native heap growth. Please use -XX:HeapBaseMinAddress
#     to set the Java Heap base and to place the Java Heap above 4GB virtual address.
# This output file may be truncated or incomplete.
#
#  Out of Memory Error (./src/hotspot/share/memory/arena.cpp:197), pid=2308, tid=3532
#
# JRE version: OpenJDK Runtime Environment (11.0.10) (build 11.0.10+0-b96-7249189)
# Java VM: OpenJDK 64-Bit Server VM (11.0.10+0-b96-7249189, mixed mode, tiered, compressed oops, g1 gc, windows-amd64)
# No core dump will be written. Minidumps are not enabled by default on client versions of Windows
#

---------------  S U M M A R Y ------------

Command Line: --add-opens=java.base/java.util=ALL-UNNAMED --add-opens=java.base/java.lang=ALL-UNNAMED --add-opens=java.base/java.lang.invoke=ALL-UNNAMED --add-opens=java.base/java.util=ALL-UNNAMED --add-opens=java.prefs/java.util.prefs=ALL-UNNAMED --add-opens=java.prefs/java.util.prefs=ALL-UNNAMED --add-opens=java.base/java.nio.charset=ALL-UNNAMED --add-opens=java.base/java.net=ALL-UNNAMED --add-opens=java.base/java.util.concurrent.atomic=ALL-UNNAMED -Xmx2048m -Dfile.encoding=UTF-8 -Duser.country=BR -Duser.language=pt -Duser.variant org.gradle.launcher.daemon.bootstrap.GradleDaemon 7.0.2

Host: Intel(R) Core(TM) i7-4790 CPU @ 3.60GHz, 8 cores, 11G,  Windows 10 , 64 bit Build 19041 (10.0.19041.1202)
Time: Wed Oct 27 23:48:26 2021 Hora oficial do Brasil elapsed time: 80.439328 seconds (0d 0h 1m 20s)

---------------  T H R E A D  ---------------

Current thread (0x0000019607868000):  JavaThread "C2 CompilerThread1" daemon [_thread_in_native, id=3532, stack(0x000000861b700000,0x000000861b800000)]


Current CompileTask:
C2:  80439 5133       4       java.util.regex.Pattern::compile (498 bytes)

Stack: [0x000000861b700000,0x000000861b800000]
Native frames: (J=compiled Java code, j=interpreted, Vv=VM code, C=native code)
V  [jvm.dll+0x5ecfaa]
V  [jvm.dll+0x722bd5]
V  [jvm.dll+0x72412d]
V  [jvm.dll+0x7247e3]
V  [jvm.dll+0x242928]
V  [jvm.dll+0xbc4fc]
V  [jvm.dll+0xbca0c]
V  [jvm.dll+0x2b4fd4]
V  [jvm.dll+0x506028]
V  [jvm.dll+0x203253]
V  [jvm.dll+0x1fd07c]
V  [jvm.dll+0x1fa77f]
V  [jvm.dll+0x18354c]
V  [jvm.dll+0x208ee7]
V  [jvm.dll+0x207731]
V  [jvm.dll+0x6eb1cf]
V  [jvm.dll+0x6e3d45]
V  [jvm.dll+0x5ebe96]
C  [ucrtbase.dll+0x21bb2]
C  [KERNEL32.DLL+0x17034]
C  [ntdll.dll+0x52651]


---------------  P R O C E S S  ---------------

Threads class SMR info:
_java_thread_list=0x0000019604215490, length=50, elements={
0x00000196645db800, 0x0000019600ab8800, 0x00000196012c8800, 0x0000019601318800,
0x000001960131b000, 0x000001960131d000, 0x0000019601329000, 0x0000019601330000,
0x0000019601332000, 0x0000019601490000, 0x0000019603dbf000, 0x0000019602717800,
0x00000196022e2800, 0x0000019602ae0800, 0x0000019603a1c800, 0x0000019604811800,
0x0000019603e84800, 0x0000019603e85800, 0x0000019603ede800, 0x0000019603ee0000,
0x0000019603ee3800, 0x0000019603ee2800, 0x0000019603edd800, 0x0000019603ee4000,
0x0000019603edf800, 0x0000019603ee1000, 0x0000019603ee1800, 0x0000019601a01800,
0x00000196019ff000, 0x0000019601a00800, 0x00000196019fc800, 0x00000196019fe000,
0x00000196046ba800, 0x00000196046bd000, 0x00000196046b8000, 0x00000196046b7800,
0x00000196046be000, 0x00000196046be800, 0x00000196046bf800, 0x00000196046b9800,
0x00000196046c0800, 0x00000196046c1000, 0x00000196046bb800, 0x00000196046c2000,
0x00000196046bc000, 0x00000196046c2800, 0x00000196046c3800, 0x00000196046c5000,
0x0000019607868000, 0x0000019604acb800
}

Java Threads: ( => current thread )
  0x00000196645db800 JavaThread "main" [_thread_blocked, id=13156, stack(0x0000008618600000,0x0000008618700000)]
  0x0000019600ab8800 JavaThread "Reference Handler" daemon [_thread_blocked, id=13888, stack(0x0000008618d00000,0x0000008618e00000)]
  0x00000196012c8800 JavaThread "Finalizer" daemon [_thread_blocked, id=2740, stack(0x0000008618e00000,0x0000008618f00000)]
  0x0000019601318800 JavaThread "Signal Dispatcher" daemon [_thread_blocked, id=10204, stack(0x0000008618f00000,0x0000008619000000)]
  0x000001960131b000 JavaThread "Attach Listener" daemon [_thread_blocked, id=2684, stack(0x0000008619000000,0x0000008619100000)]
  0x000001960131d000 JavaThread "Service Thread" daemon [_thread_blocked, id=13776, stack(0x0000008619100000,0x0000008619200000)]
  0x0000019601329000 JavaThread "C2 CompilerThread0" daemon [_thread_blocked, id=10508, stack(0x0000008619200000,0x0000008619300000)]
  0x0000019601330000 JavaThread "C1 CompilerThread0" daemon [_thread_blocked, id=1472, stack(0x0000008619300000,0x0000008619400000)]
  0x0000019601332000 JavaThread "Sweeper thread" daemon [_thread_blocked, id=14332, stack(0x0000008619400000,0x0000008619500000)]
  0x0000019601490000 JavaThread "Common-Cleaner" daemon [_thread_blocked, id=4204, stack(0x0000008619500000,0x0000008619600000)]
  0x0000019603dbf000 JavaThread "Daemon health stats" [_thread_blocked, id=2496, stack(0x0000008619b00000,0x0000008619c00000)]
  0x0000019602717800 JavaThread "Incoming local TCP Connector on port 63388" [_thread_in_native, id=6856, stack(0x0000008619700000,0x0000008619800000)]
  0x00000196022e2800 JavaThread "Daemon periodic checks" [_thread_blocked, id=4128, stack(0x0000008619c00000,0x0000008619d00000)]
  0x0000019602ae0800 JavaThread "Daemon" [_thread_blocked, id=7028, stack(0x0000008619e00000,0x0000008619f00000)]
  0x0000019603a1c800 JavaThread "Handler for socket connection from /127.0.0.1:63388 to /127.0.0.1:63389" [_thread_in_native, id=2576, stack(0x0000008619f00000,0x000000861a000000)]
  0x0000019604811800 JavaThread "Cancel handler" [_thread_blocked, id=4568, stack(0x000000861a000000,0x000000861a100000)]
  0x0000019603e84800 JavaThread "Daemon worker" [_thread_in_vm, id=13408, stack(0x000000861a100000,0x000000861a200000)]
  0x0000019603e85800 JavaThread "Asynchronous log dispatcher for DefaultDaemonConnection: socket connection from /127.0.0.1:63388 to /127.0.0.1:63389" [_thread_blocked, id=9876, stack(0x000000861a200000,0x000000861a300000)]
  0x0000019603ede800 JavaThread "Daemon client event forwarder" [_thread_blocked, id=13008, stack(0x000000861a400000,0x000000861a500000)]
  0x0000019603ee0000 JavaThread "Cache worker for file hash cache (C:\Users\user\Desktop\aFirebaseDemo\jdks\caches\7.0.2\fileHashes)" [_thread_blocked, id=12092, stack(0x0000008619d00000,0x0000008619e00000)]
  0x0000019603ee3800 JavaThread "File lock request listener" [_thread_in_native, id=7232, stack(0x000000861a500000,0x000000861a600000)]
  0x0000019603ee2800 JavaThread "Cache worker for journal cache (C:\Users\user\Desktop\aFirebaseDemo\jdks\caches\journal-1)" [_thread_blocked, id=12148, stack(0x000000861ab00000,0x000000861ac00000)]
  0x0000019603edd800 JavaThread "Cache worker for file hash cache (C:\Users\user\Desktop\Mobile-TCM-VDD\MobileTcm\.gradle\7.0.2\fileHashes)" [_thread_blocked, id=2024, stack(0x000000861ac00000,0x000000861ad00000)]
  0x0000019603ee4000 JavaThread "File watcher server" daemon [_thread_in_native, id=8164, stack(0x000000861ad00000,0x000000861ae00000)]
  0x0000019603edf800 JavaThread "File watcher consumer" daemon [_thread_blocked, id=7596, stack(0x000000861ae00000,0x000000861af00000)]
  0x0000019603ee1000 JavaThread "Cache worker for checksums cache (C:\Users\user\Desktop\Mobile-TCM-VDD\MobileTcm\.gradle\checksums)" [_thread_blocked, id=13084, stack(0x000000861af00000,0x000000861b000000)]
  0x0000019603ee1800 JavaThread "Cache worker for cache directory md-supplier (C:\Users\user\Desktop\aFirebaseDemo\jdks\caches\7.0.2\md-supplier)" [_thread_blocked, id=6624, stack(0x000000861b200000,0x000000861b300000)]
  0x0000019601a01800 JavaThread "Cache worker for cache directory md-rule (C:\Users\user\Desktop\aFirebaseDemo\jdks\caches\7.0.2\md-rule)" [_thread_blocked, id=9180, stack(0x000000861b300000,0x000000861b400000)]
  0x00000196019ff000 JavaThread "Cache worker for execution history cache (C:\Users\user\Desktop\aFirebaseDemo\jdks\caches\7.0.2\executionHistory)" [_thread_blocked, id=1372, stack(0x000000861b400000,0x000000861b500000)]
  0x0000019601a00800 JavaThread "jar transforms" [_thread_blocked, id=12552, stack(0x0000008618400000,0x0000008618500000)]
  0x00000196019fc800 JavaThread "jar transforms Thread 2" [_thread_blocked, id=3080, stack(0x0000008618500000,0x0000008618600000)]
  0x00000196019fe000 JavaThread "Cache worker for file content cache (C:\Users\user\Desktop\aFirebaseDemo\jdks\caches\7.0.2\fileContent)" [_thread_blocked, id=416, stack(0x000000861a300000,0x000000861a400000)]
  0x00000196046ba800 JavaThread "Cache worker for dependencies-accessors (C:\Users\user\Desktop\Mobile-TCM-VDD\MobileTcm\.gradle\7.0.2\dependencies-accessors)" [_thread_blocked, id=9304, stack(0x0000008618300000,0x0000008618400000)]
  0x00000196046bd000 JavaThread "jar transforms Thread 3" [_thread_blocked, id=9828, stack(0x000000861b600000,0x000000861b700000)]
  0x00000196046b8000 JavaThread "Cache worker for Build Output Cleanup Cache (C:\Users\user\Desktop\Mobile-TCM-VDD\MobileTcm\.gradle\buildOutputCleanup)" [_thread_blocked, id=12616, stack(0x000000861b500000,0x000000861b600000)]
  0x00000196046b7800 JavaThread "Build operations" [_thread_blocked, id=9584, stack(0x000000861b900000,0x000000861ba00000)]
  0x00000196046be000 JavaThread "Build operations Thread 2" [_thread_blocked, id=844, stack(0x000000861ba00000,0x000000861bb00000)]
  0x00000196046be800 JavaThread "Build operations Thread 3" [_thread_blocked, id=12444, stack(0x000000861bb00000,0x000000861bc00000)]
  0x00000196046bf800 JavaThread "Build operations Thread 4" [_thread_blocked, id=5512, stack(0x000000861bc00000,0x000000861bd00000)]
  0x00000196046b9800 JavaThread "Build operations Thread 5" [_thread_blocked, id=7172, stack(0x000000861bd00000,0x000000861be00000)]
  0x00000196046c0800 JavaThread "Build operations Thread 6" [_thread_blocked, id=2592, stack(0x000000861be00000,0x000000861bf00000)]
  0x00000196046c1000 JavaThread "Build operations Thread 7" [_thread_blocked, id=10072, stack(0x000000861bf00000,0x000000861c000000)]
  0x00000196046bb800 JavaThread "Build operations Thread 8" [_thread_blocked, id=5264, stack(0x000000861c000000,0x000000861c100000)]
  0x00000196046c2000 JavaThread "jar transforms Thread 4" [_thread_blocked, id=10144, stack(0x000000861c100000,0x000000861c200000)]
  0x00000196046bc000 JavaThread "jar transforms Thread 5" [_thread_blocked, id=13096, stack(0x000000861c200000,0x000000861c300000)]
  0x00000196046c2800 JavaThread "jar transforms Thread 6" [_thread_blocked, id=7988, stack(0x000000861c300000,0x000000861c400000)]
  0x00000196046c3800 JavaThread "jar transforms Thread 7" [_thread_blocked, id=6224, stack(0x000000861c400000,0x000000861c500000)]
  0x00000196046c5000 JavaThread "jar transforms Thread 8" [_thread_blocked, id=2580, stack(0x000000861c500000,0x000000861c600000)]
=>0x0000019607868000 JavaThread "C2 CompilerThread1" daemon [_thread_in_native, id=3532, stack(0x000000861b700000,0x000000861b800000)]
  0x0000019604acb800 JavaThread "C2 CompilerThread2" daemon [_thread_blocked, id=3088, stack(0x000000861b800000,0x000000861b900000)]

Other Threads:
  0x0000019600ab2800 VMThread "VM Thread" [stack: 0x0000008618c00000,0x0000008618d00000] [id=14280]
  0x00000196014a5000 WatcherThread [stack: 0x0000008619600000,0x0000008619700000] [id=1412]
  0x00000196645f4000 GCTaskThread "GC Thread#0" [stack: 0x0000008618700000,0x0000008618800000] [id=11920]
  0x0000019601f9d000 GCTaskThread "GC Thread#1" [stack: 0x0000008619800000,0x0000008619900000] [id=3344]
  0x0000019601f81000 GCTaskThread "GC Thread#2" [stack: 0x0000008619900000,0x0000008619a00000] [id=3412]
  0x0000019602065800 GCTaskThread "GC Thread#3" [stack: 0x0000008619a00000,0x0000008619b00000] [id=5232]
  0x0000019603f14000 GCTaskThread "GC Thread#4" [stack: 0x000000861a600000,0x000000861a700000] [id=4460]
  0x0000019603eef800 GCTaskThread "GC Thread#5" [stack: 0x000000861a700000,0x000000861a800000] [id=4372]
  0x00000196037ca800 GCTaskThread "GC Thread#6" [stack: 0x000000861a800000,0x000000861a900000] [id=7392]
  0x0000019602976800 GCTaskThread "GC Thread#7" [stack: 0x000000861a900000,0x000000861aa00000] [id=7240]
  0x0000019664628000 ConcurrentGCThread "G1 Main Marker" [stack: 0x0000008618800000,0x0000008618900000] [id=9800]
  0x0000019664629000 ConcurrentGCThread "G1 Conc#0" [stack: 0x0000008618900000,0x0000008618a00000] [id=11736]
  0x0000019601d52800 ConcurrentGCThread "G1 Conc#1" [stack: 0x000000861aa00000,0x000000861ab00000] [id=5404]
  0x0000019600900800 ConcurrentGCThread "G1 Refine#0" [stack: 0x0000008618a00000,0x0000008618b00000] [id=4380]
  0x0000019600901800 ConcurrentGCThread "G1 Young RemSet Sampling" [stack: 0x0000008618b00000,0x0000008618c00000] [id=8052]

Threads with active compile tasks:
C2 CompilerThread1  80481 5133       4       java.util.regex.Pattern::compile (498 bytes)

VM state:not at safepoint (normal execution)

VM Mutex/Monitor currently owned by a thread: None

Heap address: 0x0000000080000000, size: 2048 MB, Compressed Oops mode: 32-bit
Narrow klass base: 0x0000000000000000, Narrow klass shift: 3
Compressed class space size: 1073741824 Address: 0x0000000100000000

Heap:
 garbage-first heap   total 194560K, used 66335K [0x0000000080000000, 0x0000000100000000)
  region size 1024K, 42 young (43008K), 9 survivors (9216K)
 Metaspace       used 48292K, capacity 49625K, committed 49664K, reserved 1091584K
  class space    used 6175K, capacity 6640K, committed 6656K, reserved 1048576K
Heap Regions: E=young(eden), S=young(survivor), O=old, HS=humongous(starts), HC=humongous(continues), CS=collection set, F=free, A=archive, TAMS=top-at-mark-start (previous, next)
|   0|0x0000000080000000, 0x0000000080100000, 0x0000000080100000|100%| O|  |TAMS 0x0000000080100000, 0x0000000080000000| Untracked 
|   1|0x0000000080100000, 0x0000000080200000, 0x0000000080200000|100%| O|  |TAMS 0x0000000080200000, 0x0000000080100000| Untracked 
|   2|0x0000000080200000, 0x0000000080300000, 0x0000000080300000|100%| O|  |TAMS 0x0000000080300000, 0x0000000080200000| Untracked 
|   3|0x0000000080300000, 0x0000000080400000, 0x0000000080400000|100%|HS|  |TAMS 0x0000000080400000, 0x0000000080300000| Complete 
|   4|0x0000000080400000, 0x0000000080500000, 0x0000000080500000|100%|HC|  |TAMS 0x0000000080500000, 0x0000000080400000| Complete 
|   5|0x0000000080500000, 0x0000000080600000, 0x0000000080600000|100%|HC|  |TAMS 0x0000000080600000, 0x0000000080500000| Complete 
|   6|0x0000000080600000, 0x0000000080700000, 0x0000000080700000|100%| O|  |TAMS 0x0000000080700000, 0x0000000080600000| Untracked 
|   7|0x0000000080700000, 0x0000000080800000, 0x0000000080800000|100%| O|  |TAMS 0x0000000080800000, 0x0000000080700000| Untracked 
|   8|0x0000000080800000, 0x0000000080900000, 0x0000000080900000|100%| O|  |TAMS 0x0000000080900000, 0x0000000080800000| Untracked 
|   9|0x0000000080900000, 0x0000000080a00000, 0x0000000080a00000|100%| O|  |TAMS 0x0000000080a00000, 0x0000000080900000| Untracked 
|  10|0x0000000080a00000, 0x0000000080b00000, 0x0000000080b00000|100%| O|  |TAMS 0x0000000080b00000, 0x0000000080a00000| Untracked 
|  11|0x0000000080b00000, 0x0000000080c00000, 0x0000000080c00000|100%| O|  |TAMS 0x0000000080c00000, 0x0000000080b00000| Untracked 
|  12|0x0000000080c00000, 0x0000000080d00000, 0x0000000080d00000|100%| O|  |TAMS 0x0000000080d00000, 0x0000000080c00000| Untracked 
|  13|0x0000000080d00000, 0x0000000080e00000, 0x0000000080e00000|100%| O|  |TAMS 0x0000000080e00000, 0x0000000080d00000| Untracked 
|  14|0x0000000080e00000, 0x0000000080f00000, 0x0000000080f00000|100%| O|  |TAMS 0x0000000080f00000, 0x0000000080e00000| Untracked 
|  15|0x0000000080f00000, 0x0000000081000000, 0x0000000081000000|100%| O|  |TAMS 0x0000000081000000, 0x0000000080f00000| Untracked 
|  16|0x0000000081000000, 0x0000000081100000, 0x0000000081100000|100%| O|  |TAMS 0x0000000081044200, 0x0000000081000000| Untracked 
|  17|0x0000000081100000, 0x0000000081200000, 0x0000000081200000|100%|HS|  |TAMS 0x0000000081100000, 0x0000000081100000| Complete 
|  18|0x0000000081200000, 0x0000000081300000, 0x0000000081300000|100%| O|  |TAMS 0x0000000081200000, 0x0000000081200000| Untracked 
|  19|0x0000000081300000, 0x000000008139fa00, 0x0000000081400000| 62%| O|  |TAMS 0x0000000081300000, 0x0000000081300000| Untracked 
|  20|0x0000000081400000, 0x0000000081500000, 0x0000000081500000|100%| O|  |TAMS 0x0000000081400000, 0x0000000081400000| Untracked 
|  21|0x0000000081500000, 0x0000000081600000, 0x0000000081600000|100%| O|  |TAMS 0x0000000081500000, 0x0000000081500000| Untracked 
|  22|0x0000000081600000, 0x0000000081700000, 0x0000000081700000|100%| O|  |TAMS 0x0000000081600000, 0x0000000081600000| Untracked 
|  23|0x0000000081700000, 0x0000000081800000, 0x0000000081800000|100%|HS|  |TAMS 0x0000000081700000, 0x0000000081700000| Complete 
|  24|0x0000000081800000, 0x0000000081900000, 0x0000000081900000|100%|HS|  |TAMS 0x0000000081800000, 0x0000000081800000| Complete 
|  25|0x0000000081900000, 0x0000000081a00000, 0x0000000081a00000|100%|HC|  |TAMS 0x0000000081900000, 0x0000000081900000| Complete 
|  26|0x0000000081a00000, 0x0000000081a00000, 0x0000000081b00000|  0%| F|  |TAMS 0x0000000081a00000, 0x0000000081a00000| Untracked 
|  27|0x0000000081b00000, 0x0000000081b00000, 0x0000000081c00000|  0%| F|  |TAMS 0x0000000081b00000, 0x0000000081b00000| Untracked 
|  28|0x0000000081c00000, 0x0000000081c00000, 0x0000000081d00000|  0%| F|  |TAMS 0x0000000081c00000, 0x0000000081c00000| Untracked 
|  29|0x0000000081d00000, 0x0000000081d00000, 0x0000000081e00000|  0%| F|  |TAMS 0x0000000081d00000, 0x0000000081d00000| Untracked 
|  30|0x0000000081e00000, 0x0000000081e00000, 0x0000000081f00000|  0%| F|  |TAMS 0x0000000081e00000, 0x0000000081e00000| Untracked 
|  31|0x0000000081f00000, 0x0000000081f00000, 0x0000000082000000|  0%| F|  |TAMS 0x0000000081f00000, 0x0000000081f00000| Untracked 
|  32|0x0000000082000000, 0x0000000082000000, 0x0000000082100000|  0%| F|  |TAMS 0x0000000082000000, 0x0000000082000000| Untracked 
|  33|0x0000000082100000, 0x0000000082100000, 0x0000000082200000|  0%| F|  |TAMS 0x0000000082100000, 0x0000000082100000| Untracked 
|  34|0x0000000082200000, 0x0000000082200000, 0x0000000082300000|  0%| F|  |TAMS 0x0000000082200000, 0x0000000082200000| Untracked 
|  35|0x0000000082300000, 0x0000000082300000, 0x0000000082400000|  0%| F|  |TAMS 0x0000000082300000, 0x0000000082300000| Untracked 
|  36|0x0000000082400000, 0x0000000082400000, 0x0000000082500000|  0%| F|  |TAMS 0x0000000082400000, 0x0000000082400000| Untracked 
|  37|0x0000000082500000, 0x0000000082500000, 0x0000000082600000|  0%| F|  |TAMS 0x0000000082500000, 0x0000000082500000| Untracked 
|  38|0x0000000082600000, 0x0000000082600000, 0x0000000082700000|  0%| F|  |TAMS 0x0000000082600000, 0x0000000082600000| Untracked 
|  39|0x0000000082700000, 0x0000000082700000, 0x0000000082800000|  0%| F|  |TAMS 0x0000000082700000, 0x0000000082700000| Untracked 
|  40|0x0000000082800000, 0x0000000082800000, 0x0000000082900000|  0%| F|  |TAMS 0x0000000082800000, 0x0000000082800000| Untracked 
|  41|0x0000000082900000, 0x0000000082900000, 0x0000000082a00000|  0%| F|  |TAMS 0x0000000082900000, 0x0000000082900000| Untracked 
|  42|0x0000000082a00000, 0x0000000082a00000, 0x0000000082b00000|  0%| F|  |TAMS 0x0000000082a00000, 0x0000000082a00000| Untracked 
|  43|0x0000000082b00000, 0x0000000082b00000, 0x0000000082c00000|  0%| F|  |TAMS 0x0000000082b00000, 0x0000000082b00000| Untracked 
|  44|0x0000000082c00000, 0x0000000082c00000, 0x0000000082d00000|  0%| F|  |TAMS 0x0000000082c00000, 0x0000000082c00000| Untracked 
|  45|0x0000000082d00000, 0x0000000082d00000, 0x0000000082e00000|  0%| F|  |TAMS 0x0000000082d00000, 0x0000000082d00000| Untracked 
|  46|0x0000000082e00000, 0x0000000082e00000, 0x0000000082f00000|  0%| F|  |TAMS 0x0000000082e00000, 0x0000000082e00000| Untracked 
|  47|0x0000000082f00000, 0x0000000082f00000, 0x0000000083000000|  0%| F|  |TAMS 0x0000000082f00000, 0x0000000082f00000| Untracked 
|  48|0x0000000083000000, 0x0000000083000000, 0x0000000083100000|  0%| F|  |TAMS 0x0000000083000000, 0x0000000083000000| Untracked 
|  49|0x0000000083100000, 0x0000000083100000, 0x0000000083200000|  0%| F|  |TAMS 0x0000000083100000, 0x0000000083100000| Untracked 
|  50|0x0000000083200000, 0x0000000083200000, 0x0000000083300000|  0%| F|  |TAMS 0x0000000083200000, 0x0000000083200000| Untracked 
|  51|0x0000000083300000, 0x0000000083300000, 0x0000000083400000|  0%| F|  |TAMS 0x0000000083300000, 0x0000000083300000| Untracked 
|  52|0x0000000083400000, 0x0000000083400000, 0x0000000083500000|  0%| F|  |TAMS 0x0000000083400000, 0x0000000083400000| Untracked 
|  53|0x0000000083500000, 0x0000000083500000, 0x0000000083600000|  0%| F|  |TAMS 0x0000000083500000, 0x0000000083500000| Untracked 
|  54|0x0000000083600000, 0x0000000083600000, 0x0000000083700000|  0%| F|  |TAMS 0x0000000083600000, 0x0000000083600000| Untracked 
|  55|0x0000000083700000, 0x0000000083700000, 0x0000000083800000|  0%| F|  |TAMS 0x0000000083700000, 0x0000000083700000| Untracked 
|  56|0x0000000083800000, 0x0000000083800000, 0x0000000083900000|  0%| F|  |TAMS 0x0000000083800000, 0x0000000083800000| Untracked 
|  57|0x0000000083900000, 0x0000000083900000, 0x0000000083a00000|  0%| F|  |TAMS 0x0000000083900000, 0x0000000083900000| Untracked 
|  58|0x0000000083a00000, 0x0000000083a00000, 0x0000000083b00000|  0%| F|  |TAMS 0x0000000083a00000, 0x0000000083a00000| Untracked 
|  59|0x0000000083b00000, 0x0000000083b00000, 0x0000000083c00000|  0%| F|  |TAMS 0x0000000083b00000, 0x0000000083b00000| Untracked 
|  60|0x0000000083c00000, 0x0000000083c00000, 0x0000000083d00000|  0%| F|  |TAMS 0x0000000083c00000, 0x0000000083c00000| Untracked 
|  61|0x0000000083d00000, 0x0000000083d00000, 0x0000000083e00000|  0%| F|  |TAMS 0x0000000083d00000, 0x0000000083d00000| Untracked 
|  62|0x0000000083e00000, 0x0000000083e00000, 0x0000000083f00000|  0%| F|  |TAMS 0x0000000083e00000, 0x0000000083e00000| Untracked 
|  63|0x0000000083f00000, 0x0000000083f00000, 0x0000000084000000|  0%| F|  |TAMS 0x0000000083f00000, 0x0000000083f00000| Untracked 
|  64|0x0000000084000000, 0x0000000084000000, 0x0000000084100000|  0%| F|  |TAMS 0x0000000084000000, 0x0000000084000000| Untracked 
|  65|0x0000000084100000, 0x0000000084100000, 0x0000000084200000|  0%| F|  |TAMS 0x0000000084100000, 0x0000000084100000| Untracked 
|  66|0x0000000084200000, 0x0000000084200000, 0x0000000084300000|  0%| F|  |TAMS 0x0000000084200000, 0x0000000084200000| Untracked 
|  67|0x0000000084300000, 0x0000000084300000, 0x0000000084400000|  0%| F|  |TAMS 0x0000000084300000, 0x0000000084300000| Untracked 
|  68|0x0000000084400000, 0x0000000084400000, 0x0000000084500000|  0%| F|  |TAMS 0x0000000084400000, 0x0000000084400000| Untracked 
|  69|0x0000000084500000, 0x0000000084500000, 0x0000000084600000|  0%| F|  |TAMS 0x0000000084500000, 0x0000000084500000| Untracked 
|  70|0x0000000084600000, 0x0000000084600000, 0x0000000084700000|  0%| F|  |TAMS 0x0000000084600000, 0x0000000084600000| Untracked 
|  71|0x0000000084700000, 0x0000000084700000, 0x0000000084800000|  0%| F|  |TAMS 0x0000000084700000, 0x0000000084700000| Untracked 
|  72|0x0000000084800000, 0x0000000084800000, 0x0000000084900000|  0%| F|  |TAMS 0x0000000084800000, 0x0000000084800000| Untracked 
|  73|0x0000000084900000, 0x0000000084900000, 0x0000000084a00000|  0%| F|  |TAMS 0x0000000084900000, 0x0000000084900000| Untracked 
|  74|0x0000000084a00000, 0x0000000084a00000, 0x0000000084b00000|  0%| F|  |TAMS 0x0000000084a00000, 0x0000000084a00000| Untracked 
|  75|0x0000000084b00000, 0x0000000084b00000, 0x0000000084c00000|  0%| F|  |TAMS 0x0000000084b00000, 0x0000000084b00000| Untracked 
|  76|0x0000000084c00000, 0x0000000084c00000, 0x0000000084d00000|  0%| F|  |TAMS 0x0000000084c00000, 0x0000000084c00000| Untracked 
|  77|0x0000000084d00000, 0x0000000084d00000, 0x0000000084e00000|  0%| F|  |TAMS 0x0000000084d00000, 0x0000000084d00000| Untracked 
|  78|0x0000000084e00000, 0x0000000084e00000, 0x0000000084f00000|  0%| F|  |TAMS 0x0000000084e00000, 0x0000000084e00000| Untracked 
|  79|0x0000000084f00000, 0x0000000084f00000, 0x0000000085000000|  0%| F|  |TAMS 0x0000000084f00000, 0x0000000084f00000| Untracked 
|  80|0x0000000085000000, 0x0000000085000000, 0x0000000085100000|  0%| F|  |TAMS 0x0000000085000000, 0x0000000085000000| Untracked 
|  81|0x0000000085100000, 0x0000000085100000, 0x0000000085200000|  0%| F|  |TAMS 0x0000000085100000, 0x0000000085100000| Untracked 
|  82|0x0000000085200000, 0x0000000085200000, 0x0000000085300000|  0%| F|  |TAMS 0x0000000085200000, 0x0000000085200000| Untracked 
|  83|0x0000000085300000, 0x0000000085300000, 0x0000000085400000|  0%| F|  |TAMS 0x0000000085300000, 0x0000000085300000| Untracked 
|  84|0x0000000085400000, 0x0000000085400000, 0x0000000085500000|  0%| F|  |TAMS 0x0000000085400000, 0x0000000085400000| Untracked 
|  85|0x0000000085500000, 0x0000000085500000, 0x0000000085600000|  0%| F|  |TAMS 0x0000000085500000, 0x0000000085500000| Untracked 
|  86|0x0000000085600000, 0x0000000085600000, 0x0000000085700000|  0%| F|  |TAMS 0x0000000085600000, 0x0000000085600000| Untracked 
|  87|0x0000000085700000, 0x0000000085700000, 0x0000000085800000|  0%| F|  |TAMS 0x0000000085700000, 0x0000000085700000| Untracked 
|  88|0x0000000085800000, 0x0000000085800000, 0x0000000085900000|  0%| F|  |TAMS 0x0000000085800000, 0x0000000085800000| Untracked 
|  89|0x0000000085900000, 0x0000000085900000, 0x0000000085a00000|  0%| F|  |TAMS 0x0000000085900000, 0x0000000085900000| Untracked 
|  90|0x0000000085a00000, 0x0000000085a00000, 0x0000000085b00000|  0%| F|  |TAMS 0x0000000085a00000, 0x0000000085a00000| Untracked 
|  91|0x0000000085b00000, 0x0000000085b00000, 0x0000000085c00000|  0%| F|  |TAMS 0x0000000085b00000, 0x0000000085b00000| Untracked 
|  92|0x0000000085c00000, 0x0000000085c00000, 0x0000000085d00000|  0%| F|  |TAMS 0x0000000085c00000, 0x0000000085c00000| Untracked 
|  93|0x0000000085d00000, 0x0000000085d00000, 0x0000000085e00000|  0%| F|  |TAMS 0x0000000085d00000, 0x0000000085d00000| Untracked 
|  94|0x0000000085e00000, 0x0000000085e00000, 0x0000000085f00000|  0%| F|  |TAMS 0x0000000085e00000, 0x0000000085e00000| Untracked 
|  95|0x0000000085f00000, 0x0000000085f00000, 0x0000000086000000|  0%| F|  |TAMS 0x0000000085f00000, 0x0000000085f00000| Untracked 
|  96|0x0000000086000000, 0x0000000086000000, 0x0000000086100000|  0%| F|  |TAMS 0x0000000086000000, 0x0000000086000000| Untracked 
|  97|0x0000000086100000, 0x0000000086128410, 0x0000000086200000| 15%| S|CS|TAMS 0x0000000086100000, 0x0000000086100000| Complete 
|  98|0x0000000086200000, 0x0000000086300000, 0x0000000086300000|100%| S|CS|TAMS 0x0000000086200000, 0x0000000086200000| Complete 
|  99|0x0000000086300000, 0x0000000086400000, 0x0000000086400000|100%| S|CS|TAMS 0x0000000086300000, 0x0000000086300000| Complete 
| 100|0x0000000086400000, 0x0000000086500000, 0x0000000086500000|100%| S|CS|TAMS 0x0000000086400000, 0x0000000086400000| Complete 
| 101|0x0000000086500000, 0x0000000086600000, 0x0000000086600000|100%| S|CS|TAMS 0x0000000086500000, 0x0000000086500000| Complete 
| 102|0x0000000086600000, 0x0000000086700000, 0x0000000086700000|100%| S|CS|TAMS 0x0000000086600000, 0x0000000086600000| Complete 
| 103|0x0000000086700000, 0x0000000086800000, 0x0000000086800000|100%| S|CS|TAMS 0x0000000086700000, 0x0000000086700000| Complete 
| 104|0x0000000086800000, 0x0000000086800000, 0x0000000086900000|  0%| F|  |TAMS 0x0000000086800000, 0x0000000086800000| Untracked 
| 105|0x0000000086900000, 0x0000000086900000, 0x0000000086a00000|  0%| F|  |TAMS 0x0000000086900000, 0x0000000086900000| Untracked 
| 106|0x0000000086a00000, 0x0000000086a00000, 0x0000000086b00000|  0%| F|  |TAMS 0x0000000086a00000, 0x0000000086a00000| Untracked 
| 107|0x0000000086b00000, 0x0000000086b00000, 0x0000000086c00000|  0%| F|  |TAMS 0x0000000086b00000, 0x0000000086b00000| Untracked 
| 108|0x0000000086c00000, 0x0000000086c00000, 0x0000000086d00000|  0%| F|  |TAMS 0x0000000086c00000, 0x0000000086c00000| Untracked 
| 109|0x0000000086d00000, 0x0000000086d00000, 0x0000000086e00000|  0%| F|  |TAMS 0x0000000086d00000, 0x0000000086d00000| Untracked 
| 110|0x0000000086e00000, 0x0000000086e00000, 0x0000000086f00000|  0%| F|  |TAMS 0x0000000086e00000, 0x0000000086e00000| Untracked 
| 111|0x0000000086f00000, 0x0000000086f00000, 0x0000000087000000|  0%| F|  |TAMS 0x0000000086f00000, 0x0000000086f00000| Untracked 
| 112|0x0000000087000000, 0x0000000087100000, 0x0000000087100000|100%| S|CS|TAMS 0x0000000087000000, 0x0000000087000000| Complete 
| 113|0x0000000087100000, 0x0000000087200000, 0x0000000087200000|100%| S|CS|TAMS 0x0000000087100000, 0x0000000087100000| Complete 
| 114|0x0000000087200000, 0x0000000087200000, 0x0000000087300000|  0%| F|  |TAMS 0x0000000087200000, 0x0000000087200000| Untracked 
| 115|0x0000000087300000, 0x0000000087300000, 0x0000000087400000|  0%| F|  |TAMS 0x0000000087300000, 0x0000000087300000| Untracked 
| 116|0x0000000087400000, 0x0000000087400000, 0x0000000087500000|  0%| F|  |TAMS 0x0000000087400000, 0x0000000087400000| Untracked 
| 117|0x0000000087500000, 0x0000000087500000, 0x0000000087600000|  0%| F|  |TAMS 0x0000000087500000, 0x0000000087500000| Untracked 
| 118|0x0000000087600000, 0x0000000087600000, 0x0000000087700000|  0%| F|  |TAMS 0x0000000087600000, 0x0000000087600000| Untracked 
| 119|0x0000000087700000, 0x0000000087700000, 0x0000000087800000|  0%| F|  |TAMS 0x0000000087700000, 0x0000000087700000| Untracked 
| 120|0x0000000087800000, 0x0000000087800000, 0x0000000087900000|  0%| F|  |TAMS 0x0000000087800000, 0x0000000087800000| Untracked 
| 121|0x0000000087900000, 0x0000000087900000, 0x0000000087a00000|  0%| F|  |TAMS 0x0000000087900000, 0x0000000087900000| Untracked 
| 122|0x0000000087a00000, 0x0000000087a00000, 0x0000000087b00000|  0%| F|  |TAMS 0x0000000087a00000, 0x0000000087a00000| Untracked 
| 123|0x0000000087b00000, 0x0000000087b00000, 0x0000000087c00000|  0%| F|  |TAMS 0x0000000087b00000, 0x0000000087b00000| Untracked 
| 124|0x0000000087c00000, 0x0000000087c00000, 0x0000000087d00000|  0%| F|  |TAMS 0x0000000087c00000, 0x0000000087c00000| Untracked 
| 125|0x0000000087d00000, 0x0000000087d00000, 0x0000000087e00000|  0%| F|  |TAMS 0x0000000087d00000, 0x0000000087d00000| Untracked 
| 126|0x0000000087e00000, 0x0000000087e00000, 0x0000000087f00000|  0%| F|  |TAMS 0x0000000087e00000, 0x0000000087e00000| Untracked 
| 127|0x0000000087f00000, 0x0000000087f00000, 0x0000000088000000|  0%| F|  |TAMS 0x0000000087f00000, 0x0000000087f00000| Untracked 
| 128|0x0000000088000000, 0x0000000088000000, 0x0000000088100000|  0%| F|  |TAMS 0x0000000088000000, 0x0000000088000000| Untracked 
| 129|0x0000000088100000, 0x0000000088100000, 0x0000000088200000|  0%| F|  |TAMS 0x0000000088100000, 0x0000000088100000| Untracked 
| 130|0x0000000088200000, 0x0000000088200000, 0x0000000088300000|  0%| F|  |TAMS 0x0000000088200000, 0x0000000088200000| Untracked 
| 131|0x0000000088300000, 0x0000000088300000, 0x0000000088400000|  0%| F|  |TAMS 0x0000000088300000, 0x0000000088300000| Untracked 
| 132|0x0000000088400000, 0x0000000088400000, 0x0000000088500000|  0%| F|  |TAMS 0x0000000088400000, 0x0000000088400000| Untracked 
| 133|0x0000000088500000, 0x0000000088500000, 0x0000000088600000|  0%| F|  |TAMS 0x0000000088500000, 0x0000000088500000| Untracked 
| 134|0x0000000088600000, 0x0000000088600000, 0x0000000088700000|  0%| F|  |TAMS 0x0000000088600000, 0x0000000088600000| Untracked 
| 135|0x0000000088700000, 0x0000000088700000, 0x0000000088800000|  0%| F|  |TAMS 0x0000000088700000, 0x0000000088700000| Untracked 
| 136|0x0000000088800000, 0x0000000088800000, 0x0000000088900000|  0%| F|  |TAMS 0x0000000088800000, 0x0000000088800000| Untracked 
| 137|0x0000000088900000, 0x0000000088900000, 0x0000000088a00000|  0%| F|  |TAMS 0x0000000088900000, 0x0000000088900000| Untracked 
| 138|0x0000000088a00000, 0x0000000088a00000, 0x0000000088b00000|  0%| F|  |TAMS 0x0000000088a00000, 0x0000000088a00000| Untracked 
| 139|0x0000000088b00000, 0x0000000088b00000, 0x0000000088c00000|  0%| F|  |TAMS 0x0000000088b00000, 0x0000000088b00000| Untracked 
| 140|0x0000000088c00000, 0x0000000088c00000, 0x0000000088d00000|  0%| F|  |TAMS 0x0000000088c00000, 0x0000000088c00000| Untracked 
| 141|0x0000000088d00000, 0x0000000088d00000, 0x0000000088e00000|  0%| F|  |TAMS 0x0000000088d00000, 0x0000000088d00000| Untracked 
| 142|0x0000000088e00000, 0x0000000088e00000, 0x0000000088f00000|  0%| F|  |TAMS 0x0000000088e00000, 0x0000000088e00000| Untracked 
| 143|0x0000000088f00000, 0x0000000088f00000, 0x0000000089000000|  0%| F|  |TAMS 0x0000000088f00000, 0x0000000088f00000| Untracked 
| 144|0x0000000089000000, 0x0000000089000000, 0x0000000089100000|  0%| F|  |TAMS 0x0000000089000000, 0x0000000089000000| Untracked 
| 145|0x0000000089100000, 0x0000000089100000, 0x0000000089200000|  0%| F|  |TAMS 0x0000000089100000, 0x0000000089100000| Untracked 
| 146|0x0000000089200000, 0x0000000089200000, 0x0000000089300000|  0%| F|  |TAMS 0x0000000089200000, 0x0000000089200000| Untracked 
| 147|0x0000000089300000, 0x0000000089300000, 0x0000000089400000|  0%| F|  |TAMS 0x0000000089300000, 0x0000000089300000| Untracked 
| 148|0x0000000089400000, 0x0000000089400000, 0x0000000089500000|  0%| F|  |TAMS 0x0000000089400000, 0x0000000089400000| Untracked 
| 149|0x0000000089500000, 0x0000000089500000, 0x0000000089600000|  0%| F|  |TAMS 0x0000000089500000, 0x0000000089500000| Untracked 
| 150|0x0000000089600000, 0x0000000089600000, 0x0000000089700000|  0%| F|  |TAMS 0x0000000089600000, 0x0000000089600000| Untracked 
| 151|0x0000000089700000, 0x0000000089700000, 0x0000000089800000|  0%| F|  |TAMS 0x0000000089700000, 0x0000000089700000| Untracked 
| 152|0x0000000089800000, 0x0000000089800000, 0x0000000089900000|  0%| F|  |TAMS 0x0000000089800000, 0x0000000089800000| Untracked 
| 153|0x0000000089900000, 0x0000000089900000, 0x0000000089a00000|  0%| F|  |TAMS 0x0000000089900000, 0x0000000089900000| Untracked 
| 154|0x0000000089a00000, 0x0000000089a00000, 0x0000000089b00000|  0%| F|  |TAMS 0x0000000089a00000, 0x0000000089a00000| Untracked 
| 155|0x0000000089b00000, 0x0000000089b00000, 0x0000000089c00000|  0%| F|  |TAMS 0x0000000089b00000, 0x0000000089b00000| Untracked 
| 156|0x0000000089c00000, 0x0000000089c81458, 0x0000000089d00000| 50%| E|  |TAMS 0x0000000089c00000, 0x0000000089c00000| Complete 
| 157|0x0000000089d00000, 0x0000000089e00000, 0x0000000089e00000|100%| E|CS|TAMS 0x0000000089d00000, 0x0000000089d00000| Complete 
| 158|0x0000000089e00000, 0x0000000089f00000, 0x0000000089f00000|100%| E|CS|TAMS 0x0000000089e00000, 0x0000000089e00000| Complete 
| 159|0x0000000089f00000, 0x000000008a000000, 0x000000008a000000|100%| E|CS|TAMS 0x0000000089f00000, 0x0000000089f00000| Complete 
| 160|0x000000008a000000, 0x000000008a100000, 0x000000008a100000|100%| E|CS|TAMS 0x000000008a000000, 0x000000008a000000| Complete 
| 161|0x000000008a100000, 0x000000008a200000, 0x000000008a200000|100%| E|CS|TAMS 0x000000008a100000, 0x000000008a100000| Complete 
| 162|0x000000008a200000, 0x000000008a300000, 0x000000008a300000|100%| E|CS|TAMS 0x000000008a200000, 0x000000008a200000| Complete 
| 163|0x000000008a300000, 0x000000008a400000, 0x000000008a400000|100%| E|CS|TAMS 0x000000008a300000, 0x000000008a300000| Complete 
| 164|0x000000008a400000, 0x000000008a500000, 0x000000008a500000|100%| E|CS|TAMS 0x000000008a400000, 0x000000008a400000| Complete 
| 165|0x000000008a500000, 0x000000008a600000, 0x000000008a600000|100%| E|CS|TAMS 0x000000008a500000, 0x000000008a500000| Complete 
| 166|0x000000008a600000, 0x000000008a700000, 0x000000008a700000|100%| E|CS|TAMS 0x000000008a600000, 0x000000008a600000| Complete 
| 167|0x000000008a700000, 0x000000008a800000, 0x000000008a800000|100%| E|CS|TAMS 0x000000008a700000, 0x000000008a700000| Complete 
| 168|0x000000008a800000, 0x000000008a900000, 0x000000008a900000|100%| E|CS|TAMS 0x000000008a800000, 0x000000008a800000| Complete 
| 169|0x000000008a900000, 0x000000008aa00000, 0x000000008aa00000|100%| E|CS|TAMS 0x000000008a900000, 0x000000008a900000| Complete 
| 170|0x000000008aa00000, 0x000000008ab00000, 0x000000008ab00000|100%| E|CS|TAMS 0x000000008aa00000, 0x000000008aa00000| Complete 
| 171|0x000000008ab00000, 0x000000008ac00000, 0x000000008ac00000|100%| E|CS|TAMS 0x000000008ab00000, 0x000000008ab00000| Complete 
| 172|0x000000008ac00000, 0x000000008ad00000, 0x000000008ad00000|100%| E|CS|TAMS 0x000000008ac00000, 0x000000008ac00000| Complete 
| 173|0x000000008ad00000, 0x000000008ae00000, 0x000000008ae00000|100%| E|CS|TAMS 0x000000008ad00000, 0x000000008ad00000| Complete 
| 174|0x000000008ae00000, 0x000000008af00000, 0x000000008af00000|100%| E|  |TAMS 0x000000008ae00000, 0x000000008ae00000| Complete 
| 175|0x000000008af00000, 0x000000008b000000, 0x000000008b000000|100%| E|CS|TAMS 0x000000008af00000, 0x000000008af00000| Complete 
| 176|0x000000008b000000, 0x000000008b100000, 0x000000008b100000|100%| E|CS|TAMS 0x000000008b000000, 0x000000008b000000| Complete 
| 177|0x000000008b100000, 0x000000008b200000, 0x000000008b200000|100%| E|CS|TAMS 0x000000008b100000, 0x000000008b100000| Complete 
| 178|0x000000008b200000, 0x000000008b300000, 0x000000008b300000|100%| E|CS|TAMS 0x000000008b200000, 0x000000008b200000| Complete 
| 179|0x000000008b300000, 0x000000008b400000, 0x000000008b400000|100%| E|CS|TAMS 0x000000008b300000, 0x000000008b300000| Complete 
| 180|0x000000008b400000, 0x000000008b500000, 0x000000008b500000|100%| E|CS|TAMS 0x000000008b400000, 0x000000008b400000| Complete 
| 181|0x000000008b500000, 0x000000008b600000, 0x000000008b600000|100%| E|CS|TAMS 0x000000008b500000, 0x000000008b500000| Complete 
| 182|0x000000008b600000, 0x000000008b700000, 0x000000008b700000|100%| E|CS|TAMS 0x000000008b600000, 0x000000008b600000| Complete 
| 183|0x000000008b700000, 0x000000008b800000, 0x000000008b800000|100%| E|CS|TAMS 0x000000008b700000, 0x000000008b700000| Complete 
| 184|0x000000008b800000, 0x000000008b900000, 0x000000008b900000|100%| E|CS|TAMS 0x000000008b800000, 0x000000008b800000| Complete 
| 185|0x000000008b900000, 0x000000008ba00000, 0x000000008ba00000|100%| E|CS|TAMS 0x000000008b900000, 0x000000008b900000| Complete 
| 186|0x000000008ba00000, 0x000000008bb00000, 0x000000008bb00000|100%| E|CS|TAMS 0x000000008ba00000, 0x000000008ba00000| Complete 
| 187|0x000000008bb00000, 0x000000008bc00000, 0x000000008bc00000|100%| E|CS|TAMS 0x000000008bb00000, 0x000000008bb00000| Complete 
| 188|0x000000008bc00000, 0x000000008bd00000, 0x000000008bd00000|100%| E|CS|TAMS 0x000000008bc00000, 0x000000008bc00000| Complete 
| 189|0x000000008bd00000, 0x000000008be00000, 0x000000008be00000|100%| E|CS|TAMS 0x000000008bd00000, 0x000000008bd00000| Complete 

Card table byte_map: [0x0000019679730000,0x0000019679b30000] _byte_map_base: 0x0000019679330000

Marking Bits (Prev, Next): (CMBitMap*) 0x000001966461f0d8, (CMBitMap*) 0x000001966461f110
 Prev Bits: [0x0000019679f30000, 0x000001967bf30000)
 Next Bits: [0x000001967bf30000, 0x000001967df30000)

Polling page: 0x00000196646c0000

Metaspace:

Usage:
  Non-class:     42.04 MB capacity,    41.19 MB ( 98%) used,   741.11 KB (  2%) free+waste,   128.00 KB ( <1%) overhead. 
      Class:      6.48 MB capacity,     6.04 MB ( 93%) used,   394.96 KB (  6%) free+waste,    61.00 KB ( <1%) overhead. 
       Both:     48.52 MB capacity,    47.23 MB ( 97%) used,     1.11 MB (  2%) free+waste,   189.00 KB ( <1%) overhead. 

Virtual space:
  Non-class space:       44.00 MB reserved,      42.25 MB ( 96%) committed 
      Class space:        1.00 GB reserved,       6.50 MB ( <1%) committed 
             Both:        1.04 GB reserved,      48.75 MB (  5%) committed 

Chunk freelists:
   Non-Class:  23.00 KB
       Class:  16.00 KB
        Both:  39.00 KB

MaxMetaspaceSize: 17179869184.00 GB
CompressedClassSpaceSize: 1.00 GB

CodeHeap 'non-profiled nmethods': size=120000Kb used=2954Kb max_used=2954Kb free=117045Kb
 bounds [0x00000196713a0000, 0x0000019671690000, 0x00000196788d0000]
CodeHeap 'profiled nmethods': size=120000Kb used=10643Kb max_used=10643Kb free=109356Kb
 bounds [0x0000019669e70000, 0x000001966a8e0000, 0x00000196713a0000]
CodeHeap 'non-nmethods': size=5760Kb used=2219Kb max_used=2267Kb free=3540Kb
 bounds [0x00000196698d0000, 0x0000019669b40000, 0x0000019669e70000]
 total_blobs=5991 nmethods=5202 adapters=700
 compilation: enabled
              stopped_count=0, restarted_count=0
 full_count=0

Compilation events (20 events):
Event: 80.404 Thread 0x0000019601330000 nmethod 5189 0x000001966a8c3b90 code [0x000001966a8c3d80, 0x000001966a8c4178]
Event: 80.404 Thread 0x0000019601330000 5190       3       org.codehaus.groovy.reflection.ClassInfo$LazyClassLoaderRef::<init> (11 bytes)
Event: 80.404 Thread 0x0000019601330000 nmethod 5190 0x000001966a8c4310 code [0x000001966a8c4500, 0x000001966a8c48f8]
Event: 80.405 Thread 0x0000019601330000 5191       3       java.util.LinkedList::addAll (10 bytes)
Event: 80.405 Thread 0x0000019601330000 nmethod 5191 0x000001966a8c4a90 code [0x000001966a8c4c40, 0x000001966a8c4d88]
Event: 80.406 Thread 0x0000019604acb800 nmethod 5153 0x0000019671679010 code [0x00000196716792e0, 0x000001967167a7c0]
Event: 80.406 Thread 0x0000019604acb800 5179       4       java.beans.MethodRef::get (91 bytes)
Event: 80.408 Thread 0x0000019604acb800 nmethod 5179 0x000001967167b410 code [0x000001967167b5c0, 0x000001967167b718]
Event: 80.408 Thread 0x0000019604acb800 5081       4       java.util.StringJoiner::<init> (56 bytes)
Event: 80.413 Thread 0x0000019604acb800 nmethod 5081 0x000001967167b890 code [0x000001967167ba40, 0x000001967167be18]
Event: 80.415 Thread 0x0000019601330000 5192       3       java.lang.invoke.MemberName::equals (24 bytes)
Event: 80.415 Thread 0x0000019601330000 nmethod 5192 0x000001966a8c4e10 code [0x000001966a8c4fe0, 0x000001966a8c5368]
Event: 80.426 Thread 0x0000019604acb800 5193   !   4       java.util.zip.ZipFile$ZipFileInflaterInputStream::close (67 bytes)
Event: 80.427 Thread 0x0000019601329000 nmethod 5177 0x000001967167c010 code [0x000001967167c260, 0x000001967167d350]
Event: 80.430 Thread 0x0000019601329000 5194   !   4       java.lang.ClassLoader::loadClass (122 bytes)
Event: 80.435 Thread 0x0000019601330000 5195       3       java.nio.HeapByteBuffer::get (14 bytes)
Event: 80.436 Thread 0x0000019601330000 nmethod 5195 0x000001966a8c5410 code [0x000001966a8c55e0, 0x000001966a8c58a8]
Event: 80.436 Thread 0x0000019601330000 5196       3       java.lang.reflect.Proxy$ProxyBuilder::addElementTypes (33 bytes)
Event: 80.436 Thread 0x0000019601330000 nmethod 5196 0x000001966a8c5a10 code [0x000001966a8c5c40, 0x000001966a8c6308]
Event: 80.436 Thread 0x0000019601330000 5197       3       java.lang.reflect.ProxyGenerator::checkReturnTypes (295 bytes)

GC Heap History (14 events):
Event: 1.430 GC heap before
{Heap before GC invocations=0 (full 0):
 garbage-first heap   total 194560K, used 29696K [0x0000000080000000, 0x0000000100000000)
  region size 1024K, 24 young (24576K), 0 survivors (0K)
 Metaspace       used 10169K, capacity 10421K, committed 10624K, reserved 1058816K
  class space    used 1063K, capacity 1139K, committed 1152K, reserved 1048576K
}
Event: 1.440 GC heap after
{Heap after GC invocations=1 (full 0):
 garbage-first heap   total 194560K, used 9215K [0x0000000080000000, 0x0000000100000000)
  region size 1024K, 3 young (3072K), 3 survivors (3072K)
 Metaspace       used 10169K, capacity 10421K, committed 10624K, reserved 1058816K
  class space    used 1063K, capacity 1139K, committed 1152K, reserved 1048576K
}
Event: 4.981 GC heap before
{Heap before GC invocations=1 (full 0):
 garbage-first heap   total 194560K, used 107519K [0x0000000080000000, 0x0000000100000000)
  region size 1024K, 100 young (102400K), 3 survivors (3072K)
 Metaspace       used 20542K, capacity 21088K, committed 21248K, reserved 1067008K
  class space    used 2505K, capacity 2690K, committed 2816K, reserved 1048576K
}
Event: 4.990 GC heap after
{Heap after GC invocations=2 (full 0):
 garbage-first heap   total 194560K, used 16339K [0x0000000080000000, 0x0000000100000000)
  region size 1024K, 10 young (10240K), 10 survivors (10240K)
 Metaspace       used 20542K, capacity 21088K, committed 21248K, reserved 1067008K
  class space    used 2505K, capacity 2690K, committed 2816K, reserved 1048576K
}
Event: 6.430 GC heap before
{Heap before GC invocations=3 (full 0):
 garbage-first heap   total 194560K, used 38867K [0x0000000080000000, 0x0000000100000000)
  region size 1024K, 32 young (32768K), 10 survivors (10240K)
 Metaspace       used 22253K, capacity 22819K, committed 23040K, reserved 1069056K
  class space    used 2831K, capacity 3036K, committed 3072K, reserved 1048576K
}
Event: 6.437 GC heap after
{Heap after GC invocations=4 (full 0):
 garbage-first heap   total 194560K, used 17680K [0x0000000080000000, 0x0000000100000000)
  region size 1024K, 1 young (1024K), 1 survivors (1024K)
 Metaspace       used 22253K, capacity 22819K, committed 23040K, reserved 1069056K
  class space    used 2831K, capacity 3036K, committed 3072K, reserved 1048576K
}
Event: 56.782 GC heap before
{Heap before GC invocations=4 (full 0):
 garbage-first heap   total 194560K, used 87312K [0x0000000080000000, 0x0000000100000000)
  region size 1024K, 69 young (70656K), 1 survivors (1024K)
 Metaspace       used 29325K, capacity 30062K, committed 30336K, reserved 1075200K
  class space    used 3922K, capacity 4173K, committed 4224K, reserved 1048576K
}
Event: 56.785 GC heap after
{Heap after GC invocations=5 (full 0):
 garbage-first heap   total 194560K, used 19703K [0x0000000080000000, 0x0000000100000000)
  region size 1024K, 3 young (3072K), 3 survivors (3072K)
 Metaspace       used 29325K, capacity 30062K, committed 30336K, reserved 1075200K
  class space    used 3922K, capacity 4173K, committed 4224K, reserved 1048576K
}
Event: 73.455 GC heap before
{Heap before GC invocations=5 (full 0):
 garbage-first heap   total 194560K, used 40183K [0x0000000080000000, 0x0000000100000000)
  region size 1024K, 24 young (24576K), 3 survivors (3072K)
 Metaspace       used 35029K, capacity 35831K, committed 35840K, reserved 1081344K
  class space    used 4543K, capacity 4864K, committed 4864K, reserved 1048576K
}
Event: 73.473 GC heap after
{Heap after GC invocations=6 (full 0):
 garbage-first heap   total 194560K, used 22780K [0x0000000080000000, 0x0000000100000000)
  region size 1024K, 6 young (6144K), 6 survivors (6144K)
 Metaspace       used 35029K, capacity 35831K, committed 35840K, reserved 1081344K
  class space    used 4543K, capacity 4864K, committed 4864K, reserved 1048576K
}
Event: 76.530 GC heap before
{Heap before GC invocations=7 (full 0):
 garbage-first heap   total 194560K, used 98556K [0x0000000080000000, 0x0000000100000000)
  region size 1024K, 78 young (79872K), 6 survivors (6144K)
 Metaspace       used 40576K, capacity 41480K, committed 41728K, reserved 1085440K
  class space    used 5221K, capacity 5563K, committed 5632K, reserved 1048576K
}
Event: 76.538 GC heap after
{Heap after GC invocations=8 (full 0):
 garbage-first heap   total 194560K, used 27600K [0x0000000080000000, 0x0000000100000000)
  region size 1024K, 8 young (8192K), 8 survivors (8192K)
 Metaspace       used 40576K, capacity 41480K, committed 41728K, reserved 1085440K
  class space    used 5221K, capacity 5563K, committed 5632K, reserved 1048576K
}
Event: 79.849 GC heap before
{Heap before GC invocations=8 (full 0):
 garbage-first heap   total 194560K, used 105424K [0x0000000080000000, 0x0000000100000000)
  region size 1024K, 84 young (86016K), 8 survivors (8192K)
 Metaspace       used 46778K, capacity 47916K, committed 48256K, reserved 1091584K
  class space    used 5989K, capacity 6428K, committed 6528K, reserved 1048576K
}
Event: 79.860 GC heap after
{Heap after GC invocations=9 (full 0):
 garbage-first heap   total 194560K, used 30495K [0x0000000080000000, 0x0000000100000000)
  region size 1024K, 9 young (9216K), 9 survivors (9216K)
 Metaspace       used 46778K, capacity 47916K, committed 48256K, reserved 1091584K
  class space    used 5989K, capacity 6428K, committed 6528K, reserved 1048576K
}

Deoptimization events (20 events):
Event: 80.314 Thread 0x0000019603e84800 Uncommon trap: trap_request=0xffffff4d fr.pc=0x0000019671651524 relative=0x0000000000000544
Event: 80.314 Thread 0x0000019603e84800 Uncommon trap: reason=unstable_if action=reinterpret pc=0x0000019671651524 method=com.google.common.collect.RegularImmutableMap.get([I[Ljava/lang/Object;IILjava/lang/Object;)Ljava/lang/Object; @ 34 c2
Event: 80.314 Thread 0x0000019603e84800 DEOPT PACKING pc=0x0000019671651524 sp=0x000000861a1f82d0
Event: 80.314 Thread 0x0000019603e84800 DEOPT UNPACKING pc=0x00000196698f78af sp=0x000000861a1f81f8 mode 2
Event: 80.369 Thread 0x0000019603e84800 Uncommon trap: trap_request=0xffffff4d fr.pc=0x00000196715ae09c relative=0x000000000000007c
Event: 80.369 Thread 0x0000019603e84800 Uncommon trap: reason=unstable_if action=reinterpret pc=0x00000196715ae09c method=java.util.Spliterator.getExactSizeIfKnown()J @ 9 c2
Event: 80.369 Thread 0x0000019603e84800 DEOPT PACKING pc=0x00000196715ae09c sp=0x000000861a1fb690
Event: 80.369 Thread 0x0000019603e84800 DEOPT UNPACKING pc=0x00000196698f78af sp=0x000000861a1fb628 mode 2
Event: 80.406 Thread 0x0000019603e84800 Uncommon trap: trap_request=0xffffffc6 fr.pc=0x00000196714c3418 relative=0x0000000000000238
Event: 80.406 Thread 0x0000019603e84800 Uncommon trap: reason=bimorphic_or_optimized_type_check action=maybe_recompile pc=0x00000196714c3418 method=com.google.common.base.CharMatcher.indexIn(Ljava/lang/CharSequence;I)I @ 31 c2
Event: 80.406 Thread 0x0000019603e84800 DEOPT PACKING pc=0x00000196714c3418 sp=0x000000861a1f8870
Event: 80.406 Thread 0x0000019603e84800 DEOPT UNPACKING pc=0x00000196698f78af sp=0x000000861a1f8818 mode 2
Event: 80.411 Thread 0x0000019603e84800 Uncommon trap: trap_request=0xffffffc6 fr.pc=0x00000196714c3418 relative=0x0000000000000238
Event: 80.411 Thread 0x0000019603e84800 Uncommon trap: reason=bimorphic_or_optimized_type_check action=maybe_recompile pc=0x00000196714c3418 method=com.google.common.base.CharMatcher.indexIn(Ljava/lang/CharSequence;I)I @ 31 c2
Event: 80.411 Thread 0x0000019603e84800 DEOPT PACKING pc=0x00000196714c3418 sp=0x000000861a1fa150
Event: 80.411 Thread 0x0000019603e84800 DEOPT UNPACKING pc=0x00000196698f78af sp=0x000000861a1fa0f8 mode 2
Event: 80.426 Thread 0x0000019603e84800 Uncommon trap: trap_request=0xffffff4d fr.pc=0x00000196713f6138 relative=0x0000000000000558
Event: 80.426 Thread 0x0000019603e84800 Uncommon trap: reason=unstable_if action=reinterpret pc=0x00000196713f6138 method=java.util.jar.Manifest$FastInputStream.readLine([BII)I @ 130 c2
Event: 80.426 Thread 0x0000019603e84800 DEOPT PACKING pc=0x00000196713f6138 sp=0x000000861a1f8020
Event: 80.426 Thread 0x0000019603e84800 DEOPT UNPACKING pc=0x00000196698f78af sp=0x000000861a1f7fb0 mode 2

Classes redefined (0 events):
No events

Internal exceptions (20 events):
Event: 80.335 Thread 0x0000019603e84800 Exception <a 'java/lang/ClassNotFoundException'{0x000000008a638198}: org/gradle/api/DefaultTaskBeanInfo> (0x000000008a638198) thrown at [./src/hotspot/share/classfile/systemDictionary.cpp, line 231]
Event: 80.336 Thread 0x0000019603e84800 Exception <a 'java/lang/ClassNotFoundException'{0x000000008a664110}: org/gradle/api/internal/AbstractTaskBeanInfo> (0x000000008a664110) thrown at [./src/hotspot/share/classfile/systemDictionary.cpp, line 231]
Event: 80.337 Thread 0x0000019603e84800 Exception <a 'java/lang/ClassNotFoundException'{0x000000008a6900d0}: org/gradle/api/internal/AbstractTaskCustomizer> (0x000000008a6900d0) thrown at [./src/hotspot/share/classfile/systemDictionary.cpp, line 231]
Event: 80.341 Thread 0x0000019603e84800 Exception <a 'java/lang/ClassNotFoundException'{0x000000008a5009f0}: org/gradle/api/DefaultTaskCustomizer> (0x000000008a5009f0) thrown at [./src/hotspot/share/classfile/systemDictionary.cpp, line 231]
Event: 80.347 Thread 0x0000019603e84800 Exception <a 'java/lang/ClassNotFoundException'{0x000000008a580968}: org/gradle/api/internal/ConventionTaskCustomizer> (0x000000008a580968) thrown at [./src/hotspot/share/classfile/systemDictionary.cpp, line 231]
Event: 80.348 Thread 0x0000019603e84800 Exception <a 'java/lang/ClassNotFoundException'{0x000000008a5b79b0}: org/gradle/api/tasks/DeleteCustomizer> (0x000000008a5b79b0) thrown at [./src/hotspot/share/classfile/systemDictionary.cpp, line 231]
Event: 80.350 Thread 0x0000019603e84800 Exception <a 'java/lang/ClassNotFoundException'{0x000000008a5f5d90}: org/gradle/api/tasks/Delete_DecoratedCustomizer> (0x000000008a5f5d90) thrown at [./src/hotspot/share/classfile/systemDictionary.cpp, line 231]
Event: 80.367 Thread 0x0000019603e84800 Exception <a 'java/lang/NoSuchMethodError'{0x000000008a308bf0}: 'long java.lang.invoke.DirectMethodHandle$Holder.invokeVirtual(java.lang.Object, java.lang.Object)'> (0x000000008a308bf0) thrown at [./src/hotspot/share/interpreter/linkResolver.cpp, line 773]
Event: 80.370 Thread 0x0000019603ede800 Exception <a 'java/lang/NoSuchMethodError'{0x000000008bd09178}: <clinit>> (0x000000008bd09178) thrown at [./src/hotspot/share/prims/jni.cpp, line 1362]
Event: 80.372 Thread 0x0000019603ede800 Exception <a 'java/lang/NoSuchMethodError'{0x000000008a3a0110}: <clinit>> (0x000000008a3a0110) thrown at [./src/hotspot/share/prims/jni.cpp, line 1362]
Event: 80.372 Thread 0x0000019603ede800 Exception <a 'java/lang/NoSuchMethodError'{0x000000008a3a1220}: <clinit>> (0x000000008a3a1220) thrown at [./src/hotspot/share/prims/jni.cpp, line 1362]
Event: 80.372 Thread 0x0000019603ede800 Exception <a 'java/lang/NoSuchMethodError'{0x000000008a3a2528}: <clinit>> (0x000000008a3a2528) thrown at [./src/hotspot/share/prims/jni.cpp, line 1362]
Event: 80.372 Thread 0x0000019603ede800 Exception <a 'java/lang/NoSuchMethodError'{0x000000008a3a3548}: <clinit>> (0x000000008a3a3548) thrown at [./src/hotspot/share/prims/jni.cpp, line 1362]
Event: 80.373 Thread 0x0000019603ede800 Exception <a 'java/lang/NoSuchMethodError'{0x000000008a3ad670}: <clinit>> (0x000000008a3ad670) thrown at [./src/hotspot/share/prims/jni.cpp, line 1362]
Event: 80.374 Thread 0x0000019603ede800 Exception <a 'java/lang/NoSuchMethodError'{0x000000008a3b7ad0}: <clinit>> (0x000000008a3b7ad0) thrown at [./src/hotspot/share/prims/jni.cpp, line 1362]
Event: 80.375 Thread 0x0000019603ede800 Exception <a 'java/lang/NoSuchMethodError'{0x000000008a3cb810}: <clinit>> (0x000000008a3cb810) thrown at [./src/hotspot/share/prims/jni.cpp, line 1362]
Event: 80.394 Thread 0x0000019603e84800 Exception <a 'java/lang/ClassNotFoundException'{0x000000008a2266b8}: build_b347md6atwr3l30dcxp0crz0wBeanInfo> (0x000000008a2266b8) thrown at [./src/hotspot/share/classfile/systemDictionary.cpp, line 231]
Event: 80.395 Thread 0x0000019603e84800 Exception <a 'java/lang/ClassNotFoundException'{0x000000008a2315e0}: build_b347md6atwr3l30dcxp0crz0wCustomizer> (0x000000008a2315e0) thrown at [./src/hotspot/share/classfile/systemDictionary.cpp, line 231]
Event: 80.404 Thread 0x0000019603e84800 Exception <a 'java/lang/ClassNotFoundException'{0x000000008a2b1c78}: org/gradle/plugin/use/internal/PluginRequestCollector$PluginDependenciesSpecImplBeanInfo> (0x000000008a2b1c78) thrown at [./src/hotspot/share/classfile/systemDictionary.cpp, line 231]
Event: 80.405 Thread 0x0000019603e84800 Exception <a 'java/lang/ClassNotFoundException'{0x000000008a2dfb28}: org/gradle/plugin/use/internal/PluginRequestCollector$PluginDependenciesSpecImplCustomizer> (0x000000008a2dfb28) thrown at [./src/hotspot/share/classfile/systemDictionary.cpp, line 231]

Events (20 events):
Event: 80.431 loading class com/android/build/gradle/AndroidConfig
Event: 80.431 loading class com/android/build/gradle/AndroidConfig done
Event: 80.431 loading class com/android/build/gradle/internal/dsl/Lockable
Event: 80.431 loading class com/android/build/gradle/internal/dsl/Lockable done
Event: 80.432 loading class kotlin/Metadata
Event: 80.432 loading class kotlin/Metadata done
Event: 80.433 loading class kotlin/Deprecated
Event: 80.433 loading class kotlin/Deprecated done
Event: 80.433 loading class kotlin/Deprecated
Event: 80.433 loading class kotlin/Deprecated done
Event: 80.433 loading class kotlin/ReplaceWith
Event: 80.433 loading class kotlin/ReplaceWith done
Event: 80.434 loading class kotlin/DeprecationLevel
Event: 80.434 loading class kotlin/DeprecationLevel done
Event: 80.434 loading class kotlin/annotation/MustBeDocumented
Event: 80.434 loading class kotlin/annotation/MustBeDocumented done
Event: 80.437 loading class kotlin/jvm/internal/Intrinsics
Event: 80.437 loading class kotlin/jvm/internal/Intrinsics done
Event: 80.437 loading class com/android/build/gradle/BasePluginKt
Event: 80.437 loading class com/android/build/gradle/BasePluginKt done


Dynamic libraries:
0x00007ff7bf7f0000 - 0x00007ff7bf7fa000 	C:\Program Files\Android\Android Studio\jre\bin\java.exe
0x00007ffc987d0000 - 0x00007ffc989c5000 	C:\WINDOWS\SYSTEM32\ntdll.dll
0x00007ffc98310000 - 0x00007ffc983ce000 	C:\WINDOWS\System32\KERNEL32.DLL
0x00007ffc96520000 - 0x00007ffc967e9000 	C:\WINDOWS\System32\KERNELBASE.dll
0x00007ffc95ef0000 - 0x00007ffc95ff0000 	C:\WINDOWS\System32\ucrtbase.dll
0x00007ffc81820000 - 0x00007ffc81837000 	C:\Program Files\Android\Android Studio\jre\bin\VCRUNTIME140.dll
0x00007ffc81800000 - 0x00007ffc81819000 	C:\Program Files\Android\Android Studio\jre\bin\jli.dll
0x00007ffc985e0000 - 0x00007ffc98781000 	C:\WINDOWS\System32\USER32.dll
0x00007ffc715e0000 - 0x00007ffc7187a000 	C:\WINDOWS\WinSxS\amd64_microsoft.windows.common-controls_6595b64144ccf1df_6.0.19041.1110_none_60b5254171f9507e\COMCTL32.dll
0x00007ffc961a0000 - 0x00007ffc961c2000 	C:\WINDOWS\System32\win32u.dll
0x00007ffc97b00000 - 0x00007ffc97b9e000 	C:\WINDOWS\System32\msvcrt.dll
0x00007ffc96820000 - 0x00007ffc9684b000 	C:\WINDOWS\System32\GDI32.dll
0x00007ffc96410000 - 0x00007ffc9651b000 	C:\WINDOWS\System32\gdi32full.dll
0x00007ffc95ff0000 - 0x00007ffc9608d000 	C:\WINDOWS\System32\msvcp_win.dll
0x00007ffc982e0000 - 0x00007ffc98310000 	C:\WINDOWS\System32\IMM32.DLL
0x00007ffc4fb10000 - 0x00007ffc4fbad000 	C:\Program Files\Android\Android Studio\jre\bin\msvcp140.dll
0x00007ffc29020000 - 0x00007ffc29aef000 	C:\Program Files\Android\Android Studio\jre\bin\server\jvm.dll
0x00007ffc970b0000 - 0x00007ffc9715c000 	C:\WINDOWS\System32\ADVAPI32.dll
0x00007ffc983d0000 - 0x00007ffc9846b000 	C:\WINDOWS\System32\sechost.dll
0x00007ffc96dd0000 - 0x00007ffc96efa000 	C:\WINDOWS\System32\RPCRT4.dll
0x00007ffc97520000 - 0x00007ffc97528000 	C:\WINDOWS\System32\PSAPI.DLL
0x00007ffc88840000 - 0x00007ffc88849000 	C:\WINDOWS\SYSTEM32\WSOCK32.dll
0x00007ffc724f0000 - 0x00007ffc72517000 	C:\WINDOWS\SYSTEM32\WINMM.dll
0x00007ffc8f8c0000 - 0x00007ffc8f8ca000 	C:\WINDOWS\SYSTEM32\VERSION.dll
0x00007ffc973e0000 - 0x00007ffc9744b000 	C:\WINDOWS\System32\WS2_32.dll
0x00007ffc93e10000 - 0x00007ffc93e22000 	C:\WINDOWS\SYSTEM32\kernel.appcore.dll
0x00007ffc80dc0000 - 0x00007ffc80dd1000 	C:\Program Files\Android\Android Studio\jre\bin\verify.dll
0x00007ffc8ede0000 - 0x00007ffc8efc4000 	C:\WINDOWS\SYSTEM32\DBGHELP.DLL
0x00007ffc8f0a0000 - 0x00007ffc8f0cc000 	C:\WINDOWS\SYSTEM32\dbgcore.DLL
0x00007ffc96220000 - 0x00007ffc962a3000 	C:\WINDOWS\System32\bcryptPrimitives.dll
0x00007ffc6d560000 - 0x00007ffc6d589000 	C:\Program Files\Android\Android Studio\jre\bin\java.dll
0x00007ffc8d340000 - 0x00007ffc8d34b000 	C:\Program Files\Android\Android Studio\jre\bin\jimage.dll
0x00007ffc7f5d0000 - 0x00007ffc7f5e8000 	C:\Program Files\Android\Android Studio\jre\bin\zip.dll
0x00007ffc97ba0000 - 0x00007ffc982df000 	C:\WINDOWS\System32\SHELL32.dll
0x00007ffc94010000 - 0x00007ffc947a0000 	C:\WINDOWS\SYSTEM32\windows.storage.dll
0x00007ffc96a70000 - 0x00007ffc96dc5000 	C:\WINDOWS\System32\combase.dll
0x00007ffc95870000 - 0x00007ffc9589c000 	C:\WINDOWS\SYSTEM32\Wldp.dll
0x00007ffc97330000 - 0x00007ffc973dd000 	C:\WINDOWS\System32\SHCORE.dll
0x00007ffc97160000 - 0x00007ffc971b5000 	C:\WINDOWS\System32\shlwapi.dll
0x00007ffc95e30000 - 0x00007ffc95e4f000 	C:\WINDOWS\SYSTEM32\profapi.dll
0x00007ffc6d540000 - 0x00007ffc6d55a000 	C:\Program Files\Android\Android Studio\jre\bin\net.dll
0x00007ffc8e230000 - 0x00007ffc8e338000 	C:\WINDOWS\SYSTEM32\WINHTTP.dll
0x00007ffc955d0000 - 0x00007ffc9563a000 	C:\WINDOWS\system32\mswsock.dll
0x00007ffc6d310000 - 0x00007ffc6d324000 	C:\Program Files\Android\Android Studio\jre\bin\nio.dll
0x00007ffc82f40000 - 0x00007ffc82f67000 	C:\Users\user\Desktop\aFirebaseDemo\jdks\native\8bec1ad78214c89d9ad589b4d07fe93259594b29d510b10fafb7a158f7737e5d\windows-amd64\native-platform.dll
0x00007ffc44c80000 - 0x00007ffc44dbd000 	C:\Users\user\Desktop\aFirebaseDemo\jdks\native\53dbd7edfb1c66fb8903c78663c9afc45aea4f116125fa6feffd364cf09443e8\windows-amd64\native-platform-file-events.dll
0x00007ffc82db0000 - 0x00007ffc82dba000 	C:\Program Files\Android\Android Studio\jre\bin\management.dll
0x00007ffc82c50000 - 0x00007ffc82c5c000 	C:\Program Files\Android\Android Studio\jre\bin\management_ext.dll
0x00007ffc957c0000 - 0x00007ffc957d8000 	C:\WINDOWS\SYSTEM32\CRYPTSP.dll
0x00007ffc94f50000 - 0x00007ffc94f84000 	C:\WINDOWS\system32\rsaenh.dll
0x00007ffc967f0000 - 0x00007ffc96817000 	C:\WINDOWS\System32\bcrypt.dll
0x00007ffc95db0000 - 0x00007ffc95dde000 	C:\WINDOWS\SYSTEM32\USERENV.dll
0x00007ffc957e0000 - 0x00007ffc957ec000 	C:\WINDOWS\SYSTEM32\CRYPTBASE.dll
0x00007ffc952c0000 - 0x00007ffc952fb000 	C:\WINDOWS\SYSTEM32\IPHLPAPI.DLL
0x00007ffc97530000 - 0x00007ffc97538000 	C:\WINDOWS\System32\NSI.dll
0x00007ffc8f8a0000 - 0x00007ffc8f8b7000 	C:\WINDOWS\SYSTEM32\dhcpcsvc6.DLL
0x00007ffc8f7c0000 - 0x00007ffc8f7dd000 	C:\WINDOWS\SYSTEM32\dhcpcsvc.DLL
0x00007ffc95300000 - 0x00007ffc953cc000 	C:\WINDOWS\SYSTEM32\DNSAPI.dll

dbghelp: loaded successfully - version: 4.0.5 - missing functions: none
symbol engine: initialized successfully - sym options: 0x614 - pdb path: .;C:\Program Files\Android\Android Studio\jre\bin;C:\WINDOWS\SYSTEM32;C:\WINDOWS\WinSxS\amd64_microsoft.windows.common-controls_6595b64144ccf1df_6.0.19041.1110_none_60b5254171f9507e;C:\Program Files\Android\Android Studio\jre\bin\server;C:\Users\user\Desktop\aFirebaseDemo\jdks\native\8bec1ad78214c89d9ad589b4d07fe93259594b29d510b10fafb7a158f7737e5d\windows-amd64;C:\Users\user\Desktop\aFirebaseDemo\jdks\native\53dbd7edfb1c66fb8903c78663c9afc45aea4f116125fa6feffd364cf09443e8\windows-amd64

VM Arguments:
jvm_args: --add-opens=java.base/java.util=ALL-UNNAMED --add-opens=java.base/java.lang=ALL-UNNAMED --add-opens=java.base/java.lang.invoke=ALL-UNNAMED --add-opens=java.base/java.util=ALL-UNNAMED --add-opens=java.prefs/java.util.prefs=ALL-UNNAMED --add-opens=java.prefs/java.util.prefs=ALL-UNNAMED --add-opens=java.base/java.nio.charset=ALL-UNNAMED --add-opens=java.base/java.net=ALL-UNNAMED --add-opens=java.base/java.util.concurrent.atomic=ALL-UNNAMED -Xmx2048m -Dfile.encoding=UTF-8 -Duser.country=BR -Duser.language=pt -Duser.variant 
java_command: org.gradle.launcher.daemon.bootstrap.GradleDaemon 7.0.2
java_class_path (initial): C:\Users\user\Desktop\aFirebaseDemo\jdks\wrapper\dists\gradle-7.0.2-bin\857tjihv64xamwrf0h14cai3r\gradle-7.0.2\lib\gradle-launcher-7.0.2.jar
Launcher Type: SUN_STANDARD

[Global flags]
     intx CICompilerCount                          = 4                                         {product} {ergonomic}
     uint ConcGCThreads                            = 2                                         {product} {ergonomic}
     uint G1ConcRefinementThreads                  = 8                                         {product} {ergonomic}
   size_t G1HeapRegionSize                         = 1048576                                   {product} {ergonomic}
    uintx GCDrainStackTargetSize                   = 64                                        {product} {ergonomic}
   size_t InitialHeapSize                          = 199229440                                 {product} {ergonomic}
   size_t MarkStackSize                            = 4194304                                   {product} {ergonomic}
   size_t MaxHeapSize                              = 2147483648                                {product} {command line}
   size_t MaxNewSize                               = 1287651328                                {product} {ergonomic}
   size_t MinHeapDeltaBytes                        = 1048576                                   {product} {ergonomic}
    uintx NonNMethodCodeHeapSize                   = 5836300                                {pd product} {ergonomic}
    uintx NonProfiledCodeHeapSize                  = 122910970                              {pd product} {ergonomic}
    uintx ProfiledCodeHeapSize                     = 122910970                              {pd product} {ergonomic}
    uintx ReservedCodeCacheSize                    = 251658240                              {pd product} {ergonomic}
     bool SegmentedCodeCache                       = true                                      {product} {ergonomic}
     bool UseCompressedClassPointers               = true                                 {lp64_product} {ergonomic}
     bool UseCompressedOops                        = true                                 {lp64_product} {ergonomic}
     bool UseG1GC                                  = true                                      {product} {ergonomic}
     bool UseLargePagesIndividualAllocation        = false                                  {pd product} {ergonomic}

Logging:
Log output configuration:
 #0: stdout all=warning uptime,level,tags
 #1: stderr all=off uptime,level,tags

Environment Variables:
PATH=C:\Program Files (x86)\Common Files\Intel\Shared Files\cpp\bin\Intel64;C:\Program Files (x86)\Common Files\Oracle\Java\javapath;C:\ProgramData\Oracle\Java\javapath;C:\WINDOWS\system32;C:\WINDOWS;C:\WINDOWS\System32\Wbem;C:\WINDOWS\System32\WindowsPowerShell\v1.0\;C:\WINDOWS\System32\OpenSSH\;C:\Program Files\Microsoft SQL Server\Client SDK\ODBC\170\Tools\Binn\;C:\Program Files\Azure Data Studio\bin;C:\Program Files (x86)\Microsoft SQL Server\150\Tools\Binn\;C:\Program Files\Microsoft SQL Server\150\Tools\Binn\;C:\Program Files\Microsoft SQL Server\150\DTS\Binn\;C:\Program Files (x86)\Microsoft SQL Server\150\DTS\Binn\;C:\Program Files\Microsoft SQL Server\130\Tools\Binn\;F:\Program Files (x86)\Git\cmd;C:\Program Files\dotnet\;C:\Program Files\MySQL\MySQL Shell 8.0\bin\;C:\Users\user\AppData\Local\Microsoft\WindowsApps;C:\Program Files\Azure Data Studio\bin;C:\Users\user\.dotnet\tools
USERNAME=user
OS=Windows_NT
PROCESSOR_IDENTIFIER=Intel64 Family 6 Model 60 Stepping 3, GenuineIntel



---------------  S Y S T E M  ---------------

OS: Windows 10 , 64 bit Build 19041 (10.0.19041.1202)
OS uptime: 0 days 13:52 hours

CPU:total 8 (initial active 8) (4 cores per cpu, 2 threads per core) family 6 model 60 stepping 3 microcode 0x27, cmov, cx8, fxsr, mmx, sse, sse2, sse3, ssse3, sse4.1, sse4.2, popcnt, avx, avx2, aes, clmul, erms, lzcnt, ht, tsc, tscinvbit, bmi1, bmi2, fma

Memory: 4k page, system-wide physical 12082M (721M free)
TotalPageFile size 20875M (AvailPageFile size 1M)
current process WorkingSet (physical memory assigned to process): 307M, peak: 307M
current process commit charge ("private bytes"): 399M, peak: 399M

vm_info: OpenJDK 64-Bit Server VM (11.0.10+0-b96-7249189) for windows-amd64 JRE (11.0.10+0-b96-7249189), built on Mar 31 2021 21:44:00 by "builder" with MS VC++ 14.0 (VS2015)

END.
